2025-08-04 10:17:00,207 - INFO - Successfully retrieved value by key: A
2025-08-04 10:17:06,769 - CRITICAL - Unspecified error: 'A'
2025-08-04 10:20:29,128 - CRITICAL - Unspecified error: 'A'
2025-08-04 10:19:50,824 - INFO - SET: A = 10
2025-08-04 10:19:55,305 - INFO - Successfully retrieved value by key: A
2025-08-04 10:20:16,847 - INFO - SET: B = 10
2025-08-04 10:20:26,227 - INFO - SET: C = 10
2025-08-04 10:23:31,410 - INFO - SET: A = 10
2025-08-04 10:23:53,335 - INFO - SET: B = 20
2025-08-04 10:23:58,385 - INFO - SET: C = 10
2025-08-04 10:24:27,585 - INFO - UNSET in transaction: B
2025-08-04 10:24:31,697 - INFO - Successfully retrieved value by key: B
2025-08-04 10:24:35,964 - INFO - SESSION ENDED
2025-08-04 10:22:23,195 - INFO - Session terminated by user
2025-08-04 10:22:38,372 - INFO - BEGIN TRANSACTION
2025-08-04 10:25:02,322 - INFO - SET in transaction: A = 10
2025-08-04 10:22:48,259 - INFO - BEGIN TRANSACTION
2025-08-04 10:22:52,137 - INFO - SET in transaction: A = 20
2025-08-04 10:22:56,159 - INFO - BEGIN TRANSACTION
2025-08-04 10:22:59,867 - INFO - SET in transaction: A = 30
2025-08-04 10:23:16,068 - INFO - ROLLBACK TRANSACTION
2025-08-04 10:23:23,558 - INFO - COMMIT ALL TRANSACTION
2025-08-04 10:25:47,463 - INFO - Successfully retrieved value by key: A
2025-08-04 10:23:37,556 - WARNING - ROLLBACK attempted with no active transactions
2025-08-04 10:23:40,819 - INFO - SESSION ENDED
